<?xml version="1.0" encoding="UTF-8"?>
<testng-results skipped="0" failed="0" total="1" passed="1">
  <reporter-output>
  </reporter-output>
  <suite name="Default suite" duration-ms="6220" started-at="2019-03-22T03:19:41Z" finished-at="2019-03-22T03:19:47Z">
    <groups>
    </groups>
    <test name="Default test" duration-ms="6220" started-at="2019-03-22T03:19:41Z" finished-at="2019-03-22T03:19:47Z">
      <class name="githubproject.invokebrowser">
        <test-method status="PASS" signature="test()[pri:0, instance:githubproject.invokebrowser@1832929]" name="test" duration-ms="6199" started-at="2019-03-22T08:49:41Z" finished-at="2019-03-22T08:49:47Z">
          <reporter-output>
          </reporter-output>
        </test-method> <!-- test -->
      </class> <!-- githubproject.invokebrowser -->
    </test> <!-- Default test -->
  </suite> <!-- Default suite -->
</testng-results>
